<?xml version="1.0" encoding="UTF-8"?>
<!-- Generated by org.testng.reporters.JUnitReportReporter -->
<testsuite hostname="DESKTOP-FB27E98" name="test01.countTestTest" tests="4" failures="0" timestamp="29 Dec 2018 02:48:40 GMT" time="0.010" errors="0">
  <testcase name="setUpBeforeClass" time="0.000" classname="test01.countTestTest"/>
  <testcase name="tearDownAfterClass" time="0.010" classname="test01.countTestTest"/>
  <testcase name="BtestZhengchu7" time="0.000" classname="test01.countTestTest"/>
  <testcase name="AtestZhengchu10" time="0.000" classname="test01.countTestTest"/>
</testsuite> <!-- test01.countTestTest -->
