<?xml version="1.0" encoding="UTF-8"?>
<!-- Generated by org.testng.reporters.JUnitReportReporter -->
<testsuite hostname="DESKTOP-FB27E98" name="test01.SizeyunsuanTestng" tests="6" failures="0" timestamp="29 Dec 2018 02:48:40 GMT" time="0.030" errors="0">
  <testcase name="Atestadd" time="0.010" classname="test01.SizeyunsuanTestng"/>
  <testcase name="tearDownAfterClass" time="0.010" classname="test01.SizeyunsuanTestng"/>
  <testcase name="Dtestdiv" time="0.000" classname="test01.SizeyunsuanTestng"/>
  <testcase name="Ctestmul" time="0.010" classname="test01.SizeyunsuanTestng"/>
  <testcase name="setUpBeforeClass" time="0.000" classname="test01.SizeyunsuanTestng"/>
  <testcase name="Btestsub" time="0.000" classname="test01.SizeyunsuanTestng"/>
</testsuite> <!-- test01.SizeyunsuanTestng -->
